0 info it worked if it ends with ok
1 verbose cli [ '/usr/bin/node', '/usr/bin/npm', 'start' ]
2 info using npm@3.5.2
3 info using node@v8.10.0
4 verbose run-script [ 'prestart', 'start', 'poststart' ]
5 info lifecycle mail.ru-test-task@1.0.3~prestart: mail.ru-test-task@1.0.3
6 silly lifecycle mail.ru-test-task@1.0.3~prestart: no script for prestart, continuing
7 info lifecycle mail.ru-test-task@1.0.3~start: mail.ru-test-task@1.0.3
8 verbose lifecycle mail.ru-test-task@1.0.3~start: unsafe-perm in lifecycle true
9 verbose lifecycle mail.ru-test-task@1.0.3~start: PATH: /usr/share/npm/bin/node-gyp-bin:/media/gel0/EAA6E36BA6E336AB/mail.ru_test_task/node_modules/.bin:/usr/local/sbin:/usr/local/bin:/usr/sbin:/usr/bin:/sbin:/bin:/usr/games:/usr/local/games:/snap/bin:/usr/lib/jvm/java-8-oracle/bin:/usr/lib/jvm/java-8-oracle/db/bin:/usr/lib/jvm/java-8-oracle/jre/bin
10 verbose lifecycle mail.ru-test-task@1.0.3~start: CWD: /media/gel0/EAA6E36BA6E336AB/mail.ru_test_task
11 silly lifecycle mail.ru-test-task@1.0.3~start: Args: [ '-c', 'index.js' ]
12 info lifecycle mail.ru-test-task@1.0.3~start: Failed to exec start script
13 verbose stack Error: mail.ru-test-task@1.0.3 start: `index.js`
13 verbose stack spawn ENOENT
13 verbose stack     at ChildProcess.<anonymous> (/usr/share/npm/lib/utils/spawn.js:17:16)
13 verbose stack     at emitTwo (events.js:126:13)
13 verbose stack     at ChildProcess.emit (events.js:214:7)
13 verbose stack     at maybeClose (internal/child_process.js:925:16)
13 verbose stack     at Process.ChildProcess._handle.onexit (internal/child_process.js:209:5)
14 verbose pkgid mail.ru-test-task@1.0.3
15 verbose cwd /media/gel0/EAA6E36BA6E336AB/mail.ru_test_task
16 error Linux 4.18.0-25-generic
17 error argv "/usr/bin/node" "/usr/bin/npm" "start"
18 error node v8.10.0
19 error npm  v3.5.2
20 error file sh
21 error code ELIFECYCLE
22 error errno ENOENT
23 error syscall spawn
24 error mail.ru-test-task@1.0.3 start: `index.js`
24 error spawn ENOENT
25 error Failed at the mail.ru-test-task@1.0.3 start script 'index.js'.
25 error Make sure you have the latest version of node.js and npm installed.
25 error If you do, this is most likely a problem with the mail.ru-test-task package,
25 error not with npm itself.
25 error Tell the author that this fails on your system:
25 error     index.js
25 error You can get information on how to open an issue for this project with:
25 error     npm bugs mail.ru-test-task
25 error Or if that isn't available, you can get their info via:
25 error     npm owner ls mail.ru-test-task
25 error There is likely additional logging output above.
26 verbose exit [ 1, true ]
